# JRE version: Java(TM) SE Runtime Environment (8.0-b132) (build 1.8.0-b132)
# Java VM: Java HotSpot(TM) 64-Bit Server VM (25.0-b70 mixed mode windows-amd64 compressed oops)
Heap:
 PSYoungGen      total 51200K, used 12620K [0x00000000eab00000, 0x00000000ee780000, 0x0000000100000000)
  eden space 42496K, 12% used [0x00000000eab00000,0x00000000eb008c60,0x00000000ed480000)
  from space 8704K, 85% used [0x00000000ede00000,0x00000000ee54a468,0x00000000ee680000)
  to   space 9728K, 0% used [0x00000000ed480000,0x00000000ed480000,0x00000000ede00000)
 ParOldGen       total 64000K, used 29306K [0x00000000c0000000, 0x00000000c3e80000, 0x00000000eab00000)
  object space 64000K, 45% used [0x00000000c0000000,0x00000000c1c9ea98,0x00000000c3e80000)
 Metaspace       used 32295K, capacity 32371K, committed 32688K, reserved 1077248K
  class space    used 4671K, capacity 4688K, committed 4784K, reserved 1048576K
GC Heap History (10 events):
Event: 2.394 GC heap before
{Heap before GC invocations=19 (full 1):
 PSYoungGen      total 31232K, used 23040K [0x00000000eab00000, 0x00000000eda80000, 0x0000000100000000)
  eden space 23040K, 100% used [0x00000000eab00000,0x00000000ec180000,0x00000000ec180000)
  from space 8192K, 0% used [0x00000000ec180000,0x00000000ec180000,0x00000000ec980000)
  to   space 8192K, 0% used [0x00000000ed280000,0x00000000ed280000,0x00000000eda80000)
 ParOldGen       total 64000K, used 20788K [0x00000000c0000000, 0x00000000c3e80000, 0x00000000eab00000)
  object space 64000K, 32% used [0x00000000c0000000,0x00000000c144d388,0x00000000c3e80000)
 Metaspace       used 23218K, capacity 23283K, committed 23472K, reserved 1069056K
  class space    used 3453K, capacity 3472K, committed 3504K, reserved 1048576K
Event: 2.429 GC heap after
Heap after GC invocations=19 (full 1):
 PSYoungGen      total 36864K, used 7579K [0x00000000eab00000, 0x00000000eda00000, 0x0000000100000000)
  eden space 29184K, 0% used [0x00000000eab00000,0x00000000eab00000,0x00000000ec780000)
  from space 7680K, 98% used [0x00000000ed280000,0x00000000ed9e6fc0,0x00000000eda00000)
  to   space 9216K, 0% used [0x00000000ec800000,0x00000000ec800000,0x00000000ed100000)
 ParOldGen       total 64000K, used 20796K [0x00000000c0000000, 0x00000000c3e80000, 0x00000000eab00000)
  object space 64000K, 32% used [0x00000000c0000000,0x00000000c144f388,0x00000000c3e80000)
 Metaspace       used 23218K, capacity 23283K, committed 23472K, reserved 1069056K
  class space    used 3453K, capacity 3472K, committed 3504K, reserved 1048576K
}
Event: 3.330 GC heap before
{Heap before GC invocations=20 (full 1):
 PSYoungGen      total 36864K, used 36763K [0x00000000eab00000, 0x00000000eda00000, 0x0000000100000000)
  eden space 29184K, 100% used [0x00000000eab00000,0x00000000ec780000,0x00000000ec780000)
  from space 7680K, 98% used [0x00000000ed280000,0x00000000ed9e6fc0,0x00000000eda00000)
  to   space 9216K, 0% used [0x00000000ec800000,0x00000000ec800000,0x00000000ed100000)
 ParOldGen       total 64000K, used 20796K [0x00000000c0000000, 0x00000000c3e80000, 0x00000000eab00000)
  object space 64000K, 32% used [0x00000000c0000000,0x00000000c144f388,0x00000000c3e80000)
 Metaspace       used 25504K, capacity 25587K, committed 25904K, reserved 1071104K
  class space    used 3770K, capacity 3792K, committed 3888K, reserved 1048576K
Event: 3.335 GC heap after
Heap after GC invocations=20 (full 1):
 PSYoungGen      total 38912K, used 4268K [0x00000000eab00000, 0x00000000ee000000, 0x0000000100000000)
  eden space 29696K, 0% used [0x00000000eab00000,0x00000000eab00000,0x00000000ec800000)
  from space 9216K, 46% used [0x00000000ec800000,0x00000000ecc2b190,0x00000000ed100000)
  to   space 9216K, 0% used [0x00000000ed700000,0x00000000ed700000,0x00000000ee000000)
 ParOldGen       total 64000K, used 26000K [0x00000000c0000000, 0x00000000c3e80000, 0x00000000eab00000)
  object space 64000K, 40% used [0x00000000c0000000,0x00000000c1964058,0x00000000c3e80000)
 Metaspace       used 25504K, capacity 25587K, committed 25904K, reserved 1071104K
  class space    used 3770K, capacity 3792K, committed 3888K, reserved 1048576K
}
Event: 4.132 GC heap before
{Heap before GC invocations=21 (full 1):
 PSYoungGen      total 38912K, used 33964K [0x00000000eab00000, 0x00000000ee000000, 0x0000000100000000)
  eden space 29696K, 100% used [0x00000000eab00000,0x00000000ec800000,0x00000000ec800000)
  from space 9216K, 46% used [0x00000000ec800000,0x00000000ecc2b190,0x00000000ed100000)
  to   space 9216K, 0% used [0x00000000ed700000,0x00000000ed700000,0x00000000ee000000)
 ParOldGen       total 64000K, used 26000K [0x00000000c0000000, 0x00000000c3e80000, 0x00000000eab00000)
  object space 64000K, 40% used [0x00000000c0000000,0x00000000c1964058,0x00000000c3e80000)
 Metaspace       used 27686K, capacity 27763K, committed 27952K, reserved 1073152K
  class space    used 4070K, capacity 4112K, committed 4144K, reserved 1048576K
Event: 4.146 GC heap after
Heap after GC invocations=21 (full 1):
 PSYoungGen      total 45056K, used 3066K [0x00000000eab00000, 0x00000000edf80000, 0x0000000100000000)
  eden space 36352K, 0% used [0x00000000eab00000,0x00000000eab00000,0x00000000ece80000)
  from space 8704K, 35% used [0x00000000ed700000,0x00000000ed9feb70,0x00000000edf80000)
  to   space 8704K, 0% used [0x00000000ece80000,0x00000000ece80000,0x00000000ed700000)
 ParOldGen       total 64000K, used 28302K [0x00000000c0000000, 0x00000000c3e80000, 0x00000000eab00000)
  object space 64000K, 44% used [0x00000000c0000000,0x00000000c1ba3a18,0x00000000c3e80000)
 Metaspace       used 27686K, capacity 27763K, committed 27952K, reserved 1073152K
  class space    used 4070K, capacity 4112K, committed 4144K, reserved 1048576K
}
Event: 5.070 GC heap before
{Heap before GC invocations=22 (full 1):
 PSYoungGen      total 45056K, used 39418K [0x00000000eab00000, 0x00000000edf80000, 0x0000000100000000)
  eden space 36352K, 100% used [0x00000000eab00000,0x00000000ece80000,0x00000000ece80000)
  from space 8704K, 35% used [0x00000000ed700000,0x00000000ed9feb70,0x00000000edf80000)
  to   space 8704K, 0% used [0x00000000ece80000,0x00000000ece80000,0x00000000ed700000)
 ParOldGen       total 64000K, used 28302K [0x00000000c0000000, 0x00000000c3e80000, 0x00000000eab00000)
  object space 64000K, 44% used [0x00000000c0000000,0x00000000c1ba3a18,0x00000000c3e80000)
 Metaspace       used 29725K, capacity 29811K, committed 30000K, reserved 1075200K
  class space    used 4344K, capacity 4368K, committed 4400K, reserved 1048576K
Event: 5.074 GC heap after
Heap after GC invocations=22 (full 1):
 PSYoungGen      total 45056K, used 4896K [0x00000000eab00000, 0x00000000ee680000, 0x0000000100000000)
  eden space 36352K, 0% used [0x00000000eab00000,0x00000000eab00000,0x00000000ece80000)
  from space 8704K, 56% used [0x00000000ece80000,0x00000000ed3482b0,0x00000000ed700000)
  to   space 8704K, 0% used [0x00000000ede00000,0x00000000ede00000,0x00000000ee680000)
 ParOldGen       total 64000K, used 29298K [0x00000000c0000000, 0x00000000c3e80000, 0x00000000eab00000)
  object space 64000K, 45% used [0x00000000c0000000,0x00000000c1c9ca98,0x00000000c3e80000)
 Metaspace       used 29725K, capacity 29811K, committed 30000K, reserved 1075200K
  class space    used 4344K, capacity 4368K, committed 4400K, reserved 1048576K
}
Event: 5.933 GC heap before
{Heap before GC invocations=23 (full 1):
 PSYoungGen      total 45056K, used 41248K [0x00000000eab00000, 0x00000000ee680000, 0x0000000100000000)
  eden space 36352K, 100% used [0x00000000eab00000,0x00000000ece80000,0x00000000ece80000)
  from space 8704K, 56% used [0x00000000ece80000,0x00000000ed3482b0,0x00000000ed700000)
  to   space 8704K, 0% used [0x00000000ede00000,0x00000000ede00000,0x00000000ee680000)
 ParOldGen       total 64000K, used 29298K [0x00000000c0000000, 0x00000000c3e80000, 0x00000000eab00000)
  object space 64000K, 45% used [0x00000000c0000000,0x00000000c1c9ca98,0x00000000c3e80000)
 Metaspace       used 31801K, capacity 31923K, committed 32048K, reserved 1077248K
  class space    used 4608K, capacity 4624K, committed 4656K, reserved 1048576K
Event: 5.939 GC heap after
Heap after GC invocations=23 (full 1):
 PSYoungGen      total 51200K, used 7465K [0x00000000eab00000, 0x00000000ee780000, 0x0000000100000000)
  eden space 42496K, 0% used [0x00000000eab00000,0x00000000eab00000,0x00000000ed480000)
  from space 8704K, 85% used [0x00000000ede00000,0x00000000ee54a468,0x00000000ee680000)
  to   space 9728K, 0% used [0x00000000ed480000,0x00000000ed480000,0x00000000ede00000)
 ParOldGen       total 64000K, used 29306K [0x00000000c0000000, 0x00000000c3e80000, 0x00000000eab00000)
  object space 64000K, 45% used [0x00000000c0000000,0x00000000c1c9ea98,0x00000000c3e80000)
 Metaspace       used 31801K, capacity 31923K, committed 32048K, reserved 1077248K
  class space    used 4608K, capacity 4624K, committed 4656K, reserved 1048576K
}

